<?xml version="1.0" encoding="UTF-8"?>
<robot generator="Robot 7.0.1 (Python 3.11.9 on win32)" generated="2024-06-22T16:32:34.212078" rpa="false" schemaversion="5">
<suite id="s1" name="Test1" source="D:\Programming\SVVT\tests\test1.robot">
<test id="s1-t1" name="Live Radio Streaming Accessible from Homepage" line="9">
<kw name="Open Browser" owner="SeleniumLibrary">
<msg time="2024-06-22T16:32:34.498497" level="INFO">Opening browser 'chrome' to base url 'https://www.shegerfm.com'.</msg>
<arg>${URL}</arg>
<arg>chrome</arg>
<doc>Opens a new browser instance to the optional ``url``.</doc>
<status status="PASS" start="2024-06-22T16:32:34.498497" elapsed="38.765482"/>
</kw>
<kw name="Maximize Browser Window" owner="SeleniumLibrary">
<doc>Maximizes current browser window.</doc>
<status status="PASS" start="2024-06-22T16:33:13.263979" elapsed="0.041948"/>
</kw>
<kw name="Wait Until Element Is Visible" owner="SeleniumLibrary">
<msg time="2024-06-22T16:33:18.573979" level="INFO" html="true">&lt;/td&gt;&lt;/tr&gt;&lt;tr&gt;&lt;td colspan="3"&gt;&lt;a href="selenium-screenshot-4.png"&gt;&lt;img src="selenium-screenshot-4.png" width="800px"&gt;&lt;/a&gt;</msg>
<msg time="2024-06-22T16:33:18.573979" level="FAIL">Element 'xpath=//a[text()='MusicPlayer2802357603__lowerLayout focus-within']' not visible after 5 seconds.</msg>
<arg>xpath=//a[text()='MusicPlayer2802357603__lowerLayout focus-within']</arg>
<doc>Waits until the element ``locator`` is visible.</doc>
<status status="FAIL" start="2024-06-22T16:33:13.305927" elapsed="5.283674">Element 'xpath=//a[text()='MusicPlayer2802357603__lowerLayout focus-within']' not visible after 5 seconds.</status>
</kw>
<kw name="Click Element" owner="SeleniumLibrary">
<arg>xpath=//a[text()='PlayPause170508545__button MusicPlayer2802357603__playButton focus-within']</arg>
<doc>Click the element identified by ``locator``.</doc>
<status status="NOT RUN" start="2024-06-22T16:33:18.589601" elapsed="0.000000"/>
</kw>
<kw name="Wait Until Page Contains" owner="SeleniumLibrary">
<arg>Listen Live</arg>
<doc>Waits until ``text`` appears on the current page.</doc>
<status status="NOT RUN" start="2024-06-22T16:33:18.589601" elapsed="0.000000"/>
</kw>
<kw name="Close Browser" owner="SeleniumLibrary" type="TEARDOWN">
<doc>Closes the current browser.</doc>
<status status="PASS" start="2024-06-22T16:33:18.589601" elapsed="3.984991"/>
</kw>
<doc>Verify that live radio streaming is accessible from the homepage</doc>
<status status="FAIL" start="2024-06-22T16:32:34.498497" elapsed="48.076095">Element 'xpath=//a[text()='MusicPlayer2802357603__lowerLayout focus-within']' not visible after 5 seconds.</status>
</test>
<test id="s1-t2" name="Play and Pause Live Stream" line="18">
<kw name="Open Browser" owner="SeleniumLibrary">
<msg time="2024-06-22T16:33:22.574592" level="INFO">Opening browser 'chrome' to base url 'https://www.shegerfm.com'.</msg>
<arg>${URL}</arg>
<arg>chrome</arg>
<doc>Opens a new browser instance to the optional ``url``.</doc>
<status status="PASS" start="2024-06-22T16:33:22.574592" elapsed="10.974015"/>
</kw>
<kw name="Maximize Browser Window" owner="SeleniumLibrary">
<doc>Maximizes current browser window.</doc>
<status status="PASS" start="2024-06-22T16:33:33.549587" elapsed="0.093326"/>
</kw>
<kw name="Click Element" owner="SeleniumLibrary">
<msg time="2024-06-22T16:33:33.644896" level="INFO">Clicking element 'xpath=//a[text()='PlayPause170508545__button MusicPlayer2802357603__playButton focus-within']'.</msg>
<msg time="2024-06-22T16:33:33.906127" level="INFO" html="true">&lt;/td&gt;&lt;/tr&gt;&lt;tr&gt;&lt;td colspan="3"&gt;&lt;a href="selenium-screenshot-5.png"&gt;&lt;img src="selenium-screenshot-5.png" width="800px"&gt;&lt;/a&gt;</msg>
<msg time="2024-06-22T16:33:33.906127" level="FAIL">Element with locator 'xpath=//a[text()='PlayPause170508545__button MusicPlayer2802357603__playButton focus-within']' not found.</msg>
<arg>xpath=//a[text()='PlayPause170508545__button MusicPlayer2802357603__playButton focus-within']</arg>
<doc>Click the element identified by ``locator``.</doc>
<status status="FAIL" start="2024-06-22T16:33:33.644896" elapsed="0.263225">Element with locator 'xpath=//a[text()='PlayPause170508545__button MusicPlayer2802357603__playButton focus-within']' not found.</status>
</kw>
<kw name="Wait Until Page Contains" owner="SeleniumLibrary">
<arg>Listen Live</arg>
<doc>Waits until ``text`` appears on the current page.</doc>
<status status="NOT RUN" start="2024-06-22T16:33:33.909118" elapsed="0.000000"/>
</kw>
<kw name="Click Element" owner="SeleniumLibrary">
<arg>xpath=//button[@id='PlayPause170508545__button MusicPlayer2802357603__playButton focus-within']</arg>
<doc>Click the element identified by ``locator``.</doc>
<status status="NOT RUN" start="2024-06-22T16:33:33.910121" elapsed="0.000000"/>
</kw>
<kw name="Sleep" owner="BuiltIn">
<arg>5 seconds</arg>
<doc>Pauses the test executed for the given time.</doc>
<status status="NOT RUN" start="2024-06-22T16:33:33.910121" elapsed="0.000000"/>
</kw>
<kw name="Click Element" owner="SeleniumLibrary">
<arg>xpath=//button[@id='PlayPause170508545__button MusicPlayer2802357603__playButton focus-within']</arg>
<doc>Click the element identified by ``locator``.</doc>
<status status="NOT RUN" start="2024-06-22T16:33:33.911113" elapsed="0.000000"/>
</kw>
<kw name="Close Browser" owner="SeleniumLibrary" type="TEARDOWN">
<doc>Closes the current browser.</doc>
<status status="PASS" start="2024-06-22T16:33:33.911113" elapsed="2.526195"/>
</kw>
<doc>Verify that the play and pause controls for live streaming work correctly</doc>
<status status="FAIL" start="2024-06-22T16:33:22.574592" elapsed="13.862716">Element with locator 'xpath=//a[text()='PlayPause170508545__button MusicPlayer2802357603__playButton focus-within']' not found.</status>
</test>
<status status="FAIL" start="2024-06-22T16:32:34.212078" elapsed="62.225230"/>
</suite>
<statistics>
<total>
<stat pass="0" fail="2" skip="0">All Tests</stat>
</total>
<tag>
</tag>
<suite>
<stat pass="0" fail="2" skip="0" id="s1" name="Test1">Test1</stat>
</suite>
</statistics>
<errors>
</errors>
</robot>
